0 info it worked if it ends with ok
1 verbose cli [ '/usr/local/bin/node',
1 verbose cli   '/usr/local/bin/npm',
1 verbose cli   'run',
1 verbose cli   'build-css' ]
2 info using npm@4.0.5
3 info using node@v7.4.0
4 verbose run-script [ 'prebuild-css', 'build-css', 'postbuild-css' ]
5 info lifecycle name-generator@0.1.0~prebuild-css: name-generator@0.1.0
6 silly lifecycle name-generator@0.1.0~prebuild-css: no script for prebuild-css, continuing
7 info lifecycle name-generator@0.1.0~build-css: name-generator@0.1.0
8 verbose lifecycle name-generator@0.1.0~build-css: unsafe-perm in lifecycle true
9 verbose lifecycle name-generator@0.1.0~build-css: PATH: /usr/local/lib/node_modules/npm/bin/node-gyp-bin:/Users/joost/Work/klokhuis/src/node_modules/.bin:/Users/joost/Work/klokhuis/src/node_modules/.bin:/Users/joost/.config/yarn/link/node_modules/.bin:/Users/joost/Work/klokhuis/src/node_modules/.bin:/Users/joost/.config/yarn/link/node_modules/.bin:/usr/local/lib/node_modules/yarn/bin/node-gyp-bin:/Users/joost/Work/klokhuis/src/node_modules/.bin:/Users/joost/.config/yarn/link/node_modules/.bin:/Users/joost/Work/klokhuis/src/node_modules/.bin:/Users/joost/.config/yarn/link/node_modules/.bin:/usr/local/lib/node_modules/yarn/bin/node-gyp-bin:/Users/joost/.rbenv/shims:/usr/local/bin:/usr/bin:/bin:/usr/sbin:/sbin:/Users/joost/.bin:/Applications/Postgres.app/Contents/Versions/latest/bin:/Users/joost/Work/bin:/Users/joost/.composer/vendor/bin
10 verbose lifecycle name-generator@0.1.0~build-css: CWD: /Users/joost/Work/klokhuis/src
11 silly lifecycle name-generator@0.1.0~build-css: Args: [ '-c',
11 silly lifecycle   'node-sass-chokidar --include-path ./src --include-path ./node_modules src/ -o src/' ]
12 silly lifecycle name-generator@0.1.0~build-css: Returned: code: 1  signal: null
13 info lifecycle name-generator@0.1.0~build-css: Failed to exec build-css script
14 verbose stack Error: name-generator@0.1.0 build-css: `node-sass-chokidar --include-path ./src --include-path ./node_modules src/ -o src/`
14 verbose stack Exit status 1
14 verbose stack     at EventEmitter.<anonymous> (/usr/local/lib/node_modules/npm/lib/utils/lifecycle.js:279:16)
14 verbose stack     at emitTwo (events.js:106:13)
14 verbose stack     at EventEmitter.emit (events.js:191:7)
14 verbose stack     at ChildProcess.<anonymous> (/usr/local/lib/node_modules/npm/lib/utils/spawn.js:40:14)
14 verbose stack     at emitTwo (events.js:106:13)
14 verbose stack     at ChildProcess.emit (events.js:191:7)
14 verbose stack     at maybeClose (internal/child_process.js:885:16)
14 verbose stack     at Process.ChildProcess._handle.onexit (internal/child_process.js:226:5)
15 verbose pkgid name-generator@0.1.0
16 verbose cwd /Users/joost/Work/klokhuis/src
17 error Darwin 16.7.0
18 error argv "/usr/local/bin/node" "/usr/local/bin/npm" "run" "build-css"
19 error node v7.4.0
20 error npm  v4.0.5
21 error code ELIFECYCLE
22 error name-generator@0.1.0 build-css: `node-sass-chokidar --include-path ./src --include-path ./node_modules src/ -o src/`
22 error Exit status 1
23 error Failed at the name-generator@0.1.0 build-css script 'node-sass-chokidar --include-path ./src --include-path ./node_modules src/ -o src/'.
23 error Make sure you have the latest version of node.js and npm installed.
23 error If you do, this is most likely a problem with the name-generator package,
23 error not with npm itself.
23 error Tell the author that this fails on your system:
23 error     node-sass-chokidar --include-path ./src --include-path ./node_modules src/ -o src/
23 error You can get information on how to open an issue for this project with:
23 error     npm bugs name-generator
23 error Or if that isn't available, you can get their info via:
23 error     npm owner ls name-generator
23 error There is likely additional logging output above.
24 verbose exit [ 1, true ]
